<?xml version="1.0" encoding="utf-8"?>
<assemblies timestamp="04/01/2018 12:22:20">
  <assembly name="/Users/stuart/workspace/dinkum-coin-api/test/DinkumCoin.Data.Tests/bin/Debug/netcoreapp2.0/DinkumCoin.Data.Tests.dll" run-date="2018-04-01" run-time="12:22:20" total="4" passed="4" failed="0" skipped="0" time="0.031" errors="0">
    <errors />
    <collection total="4" passed="4" failed="0" skipped="0" name="Test collection for DinkumCoin.Data.Tests.InMemoryRepositoryTests" time="0.031">
      <test name="DinkumCoin.Data.Tests.InMemoryRepositoryTests.GetAllWalletsTest" type="DinkumCoin.Data.Tests.InMemoryRepositoryTests" method="GetAllWalletsTest" time="0.0200000" result="Pass">
        <traits />
      </test>
      <test name="DinkumCoin.Data.Tests.InMemoryRepositoryTests.GetSpecificWalletTest" type="DinkumCoin.Data.Tests.InMemoryRepositoryTests" method="GetSpecificWalletTest" time="0.0060000" result="Pass">
        <traits />
      </test>
      <test name="DinkumCoin.Data.Tests.InMemoryRepositoryTests.AddWalletTest" type="DinkumCoin.Data.Tests.InMemoryRepositoryTests" method="AddWalletTest" time="0.0030000" result="Pass">
        <traits />
      </test>
      <test name="DinkumCoin.Data.Tests.InMemoryRepositoryTests.AddCoinToWalletTest" type="DinkumCoin.Data.Tests.InMemoryRepositoryTests" method="AddCoinToWalletTest" time="0.0020000" result="Pass">
        <traits />
      </test>
    </collection>
  </assembly>
</assemblies>